Performing C SOURCE FILE Test CMAKE_HAVE_LIBC_PTHREAD failed with the following output:
Change Dir: /home/windinsoul/CLionProjects/SimpleWeibo_grpc/build/CMakeFiles/CMakeTmp

Run Build Command(s):/usr/bin/make -f Makefile cmTC_32b0d/fast && /usr/bin/make  -f CMakeFiles/cmTC_32b0d.dir/build.make CMakeFiles/cmTC_32b0d.dir/build
make[1]: 进入目录“/home/windinsoul/CLionProjects/SimpleWeibo_grpc/build/CMakeFiles/CMakeTmp”
Building C object CMakeFiles/cmTC_32b0d.dir/src.c.o
/usr/bin/cc -DCMAKE_HAVE_LIBC_PTHREAD   -o CMakeFiles/cmTC_32b0d.dir/src.c.o -c /home/windinsoul/CLionProjects/SimpleWeibo_grpc/build/CMakeFiles/CMakeTmp/src.c
Linking C executable cmTC_32b0d
/usr/bin/cmake -E cmake_link_script CMakeFiles/cmTC_32b0d.dir/link.txt --verbose=1
/usr/bin/cc CMakeFiles/cmTC_32b0d.dir/src.c.o -o cmTC_32b0d 
/usr/bin/ld: CMakeFiles/cmTC_32b0d.dir/src.c.o: in function `main':
src.c:(.text+0x2d): undefined reference to `pthread_create'
/usr/bin/ld: src.c:(.text+0x39): undefined reference to `pthread_detach'
/usr/bin/ld: src.c:(.text+0x45): undefined reference to `pthread_cancel'
/usr/bin/ld: src.c:(.text+0x56): undefined reference to `pthread_join'
collect2: error: ld returned 1 exit status
make[1]: *** [CMakeFiles/cmTC_32b0d.dir/build.make:99：cmTC_32b0d] 错误 1
make[1]: 离开目录“/home/windinsoul/CLionProjects/SimpleWeibo_grpc/build/CMakeFiles/CMakeTmp”
make: *** [Makefile:127：cmTC_32b0d/fast] 错误 2


Source file was:
#include <pthread.h>

static void* test_func(void* data)
{
  return data;
}

int main(void)
{
  pthread_t thread;
  pthread_create(&thread, NULL, test_func, NULL);
  pthread_detach(thread);
  pthread_cancel(thread);
  pthread_join(thread, NULL);
  pthread_atfork(NULL, NULL, NULL);
  pthread_exit(NULL);

  return 0;
}

Determining if the function pthread_create exists in the pthreads failed with the following output:
Change Dir: /home/windinsoul/CLionProjects/SimpleWeibo_grpc/build/CMakeFiles/CMakeTmp

Run Build Command(s):/usr/bin/make -f Makefile cmTC_fe0d5/fast && /usr/bin/make  -f CMakeFiles/cmTC_fe0d5.dir/build.make CMakeFiles/cmTC_fe0d5.dir/build
make[1]: 进入目录“/home/windinsoul/CLionProjects/SimpleWeibo_grpc/build/CMakeFiles/CMakeTmp”
Building C object CMakeFiles/cmTC_fe0d5.dir/CheckFunctionExists.c.o
/usr/bin/cc   -DCHECK_FUNCTION_EXISTS=pthread_create -o CMakeFiles/cmTC_fe0d5.dir/CheckFunctionExists.c.o -c /usr/share/cmake-3.22/Modules/CheckFunctionExists.c
Linking C executable cmTC_fe0d5
/usr/bin/cmake -E cmake_link_script CMakeFiles/cmTC_fe0d5.dir/link.txt --verbose=1
/usr/bin/cc  -DCHECK_FUNCTION_EXISTS=pthread_create CMakeFiles/cmTC_fe0d5.dir/CheckFunctionExists.c.o -o cmTC_fe0d5  -lpthreads 
/usr/bin/ld: 找不到 -lpthreads
collect2: error: ld returned 1 exit status
make[1]: *** [CMakeFiles/cmTC_fe0d5.dir/build.make:99：cmTC_fe0d5] 错误 1
make[1]: 离开目录“/home/windinsoul/CLionProjects/SimpleWeibo_grpc/build/CMakeFiles/CMakeTmp”
make: *** [Makefile:127：cmTC_fe0d5/fast] 错误 2



